{"C:\\pj_sample\\uiTestSample\\App.js": {"path":"C:\\pj_sample\\uiTestSample\\App.js","statementMap":{"0":{"start":{"line":25,"column":12},"end":{"line":31,"column":1}},"1":{"start":{"line":26,"column":2},"end":{"line":30,"column":4}},"2":{"start":{"line":35,"column":15},"end":{"line":41,"column":2}}},"fnMap":{"0":{"name":"(anonymous_0)","decl":{"start":{"line":25,"column":12},"end":{"line":25,"column":13}},"loc":{"start":{"line":25,"column":18},"end":{"line":31,"column":1}},"line":25}},"branchMap":{},"s":{"0":2,"1":2,"2":2},"f":{"0":2},"b":{},"_coverageSchema":"1a1c01bbd47fc00a2c39e90264f33305004495a9","hash":"e38aba6c744d629cd3f5fd541f86f62a814c8dc2"}
,"C:\\pj_sample\\uiTestSample\\src\\Greeting.js": {"path":"C:\\pj_sample\\uiTestSample\\src\\Greeting.js","statementMap":{"0":{"start":{"line":4,"column":17},"end":{"line":6,"column":1}},"1":{"start":{"line":5,"column":4},"end":{"line":5,"column":54}}},"fnMap":{"0":{"name":"(anonymous_0)","decl":{"start":{"line":4,"column":17},"end":{"line":4,"column":18}},"loc":{"start":{"line":4,"column":41},"end":{"line":6,"column":1}},"line":4}},"branchMap":{},"s":{"0":4,"1":11},"f":{"0":11},"b":{},"_coverageSchema":"1a1c01bbd47fc00a2c39e90264f33305004495a9","hash":"062432e240140eff150cc93ef683ce1e7e1c9d4b"}
,"C:\\pj_sample\\uiTestSample\\src\\Profile.js": {"path":"C:\\pj_sample\\uiTestSample\\src\\Profile.js","statementMap":{"0":{"start":{"line":5,"column":16},"end":{"line":18,"column":1}},"1":{"start":{"line":6,"column":26},"end":{"line":6,"column":56}},"2":{"start":{"line":8,"column":4},"end":{"line":17,"column":6}},"3":{"start":{"line":14,"column":50},"end":{"line":14,"column":66}},"4":{"start":{"line":15,"column":52},"end":{"line":15,"column":70}},"5":{"start":{"line":22,"column":15},"end":{"line":29,"column":2}}},"fnMap":{"0":{"name":"(anonymous_0)","decl":{"start":{"line":5,"column":16},"end":{"line":5,"column":17}},"loc":{"start":{"line":5,"column":40},"end":{"line":18,"column":1}},"line":5},"1":{"name":"(anonymous_1)","decl":{"start":{"line":14,"column":44},"end":{"line":14,"column":45}},"loc":{"start":{"line":14,"column":50},"end":{"line":14,"column":66}},"line":14},"2":{"name":"(anonymous_2)","decl":{"start":{"line":15,"column":46},"end":{"line":15,"column":47}},"loc":{"start":{"line":15,"column":52},"end":{"line":15,"column":70}},"line":15}},"branchMap":{},"s":{"0":3,"1":5,"2":5,"3":1,"4":0,"5":3},"f":{"0":5,"1":1,"2":0},"b":{},"_coverageSchema":"1a1c01bbd47fc00a2c39e90264f33305004495a9","hash":"48ac2cc6af99fc528c3aa79c7270d95cfac5842e"}
}
